# JRE version: Java(TM) SE Runtime Environment (8.0_141-b15) (build 1.8.0_141-b15)
# Java VM: Java HotSpot(TM) 64-Bit Server VM (25.141-b15 mixed mode windows-amd64 compressed oops)
Heap:
 PSYoungGen      total 292352K, used 227622K [0x0000000780800000, 0x0000000796f00000, 0x00000007c0000000)
  eden space 278016K, 81% used [0x0000000780800000,0x000000078e649bd8,0x0000000791780000)
  from space 14336K, 0% used [0x0000000792500000,0x0000000792500000,0x0000000793300000)
  to   space 13824K, 0% used [0x0000000791780000,0x0000000791780000,0x0000000792500000)
 ParOldGen       total 93696K, used 13395K [0x0000000701800000, 0x0000000707380000, 0x0000000780800000)
  object space 93696K, 14% used [0x0000000701800000,0x0000000702514f88,0x0000000707380000)
 Metaspace       used 50690K, capacity 52404K, committed 52912K, reserved 1095680K
  class space    used 6943K, capacity 7281K, committed 7344K, reserved 1048576K
GC Heap History (10 events):
Event: 1.366 GC heap before
{Heap before GC invocations=4 (full 1):
 PSYoungGen      total 106496K, used 8188K [0x0000000780800000, 0x000000078d800000, 0x00000007c0000000)
  eden space 98304K, 0% used [0x0000000780800000,0x0000000780800000,0x0000000786800000)
  from space 8192K, 99% used [0x0000000786800000,0x0000000786fff120,0x0000000787000000)
  to   space 8192K, 0% used [0x000000078d000000,0x000000078d000000,0x000000078d800000)
 ParOldGen       total 131072K, used 400K [0x0000000701800000, 0x0000000709800000, 0x0000000780800000)
  object space 131072K, 0% used [0x0000000701800000,0x00000007018642d0,0x0000000709800000)
 Metaspace       used 20665K, capacity 21136K, committed 21296K, reserved 1067008K
  class space    used 2682K, capacity 2843K, committed 2864K, reserved 1048576K
Event: 1.413 GC heap after
Heap after GC invocations=4 (full 1):
 PSYoungGen      total 106496K, used 0K [0x0000000780800000, 0x000000078d800000, 0x00000007c0000000)
  eden space 98304K, 0% used [0x0000000780800000,0x0000000780800000,0x0000000786800000)
  from space 8192K, 0% used [0x0000000786800000,0x0000000786800000,0x0000000787000000)
  to   space 8192K, 0% used [0x000000078d000000,0x000000078d000000,0x000000078d800000)
 ParOldGen       total 70144K, used 8229K [0x0000000701800000, 0x0000000705c80000, 0x0000000780800000)
  object space 70144K, 11% used [0x0000000701800000,0x0000000702009778,0x0000000705c80000)
 Metaspace       used 20663K, capacity 21130K, committed 21296K, reserved 1067008K
  class space    used 2682K, capacity 2842K, committed 2864K, reserved 1048576K
}
Event: 1.964 GC heap before
{Heap before GC invocations=5 (full 1):
 PSYoungGen      total 106496K, used 98304K [0x0000000780800000, 0x000000078d800000, 0x00000007c0000000)
  eden space 98304K, 100% used [0x0000000780800000,0x0000000786800000,0x0000000786800000)
  from space 8192K, 0% used [0x0000000786800000,0x0000000786800000,0x0000000787000000)
  to   space 8192K, 0% used [0x000000078d000000,0x000000078d000000,0x000000078d800000)
 ParOldGen       total 70144K, used 8229K [0x0000000701800000, 0x0000000705c80000, 0x0000000780800000)
  object space 70144K, 11% used [0x0000000701800000,0x0000000702009778,0x0000000705c80000)
 Metaspace       used 25586K, capacity 26290K, committed 26544K, reserved 1073152K
  class space    used 3281K, capacity 3464K, committed 3504K, reserved 1048576K
Event: 1.969 GC heap after
Heap after GC invocations=5 (full 1):
 PSYoungGen      total 174080K, used 5755K [0x0000000780800000, 0x000000078d600000, 0x00000007c0000000)
  eden space 167936K, 0% used [0x0000000780800000,0x0000000780800000,0x000000078ac00000)
  from space 6144K, 93% used [0x000000078d000000,0x000000078d59ec60,0x000000078d600000)
  to   space 8192K, 0% used [0x000000078c600000,0x000000078c600000,0x000000078ce00000)
 ParOldGen       total 70144K, used 8301K [0x0000000701800000, 0x0000000705c80000, 0x0000000780800000)
  object space 70144K, 11% used [0x0000000701800000,0x000000070201b788,0x0000000705c80000)
 Metaspace       used 25586K, capacity 26290K, committed 26544K, reserved 1073152K
  class space    used 3281K, capacity 3464K, committed 3504K, reserved 1048576K
}
Event: 3.161 GC heap before
{Heap before GC invocations=6 (full 1):
 PSYoungGen      total 174080K, used 173680K [0x0000000780800000, 0x000000078d600000, 0x00000007c0000000)
  eden space 167936K, 99% used [0x0000000780800000,0x000000078abfd428,0x000000078ac00000)
  from space 6144K, 93% used [0x000000078d000000,0x000000078d59ec60,0x000000078d600000)
  to   space 8192K, 0% used [0x000000078c600000,0x000000078c600000,0x000000078ce00000)
 ParOldGen       total 70144K, used 8301K [0x0000000701800000, 0x0000000705c80000, 0x0000000780800000)
  object space 70144K, 11% used [0x0000000701800000,0x000000070201b788,0x0000000705c80000)
 Metaspace       used 33824K, capacity 35300K, committed 35376K, reserved 1079296K
  class space    used 4364K, capacity 4641K, committed 4656K, reserved 1048576K
Event: 3.173 GC heap after
Heap after GC invocations=6 (full 1):
 PSYoungGen      total 202752K, used 8170K [0x0000000780800000, 0x0000000793300000, 0x00000007c0000000)
  eden space 194560K, 0% used [0x0000000780800000,0x0000000780800000,0x000000078c600000)
  from space 8192K, 99% used [0x000000078c600000,0x000000078cdfa8e8,0x000000078ce00000)
  to   space 14336K, 0% used [0x0000000792500000,0x0000000792500000,0x0000000793300000)
 ParOldGen       total 70144K, used 15008K [0x0000000701800000, 0x0000000705c80000, 0x0000000780800000)
  object space 70144K, 21% used [0x0000000701800000,0x00000007026a82a0,0x0000000705c80000)
 Metaspace       used 33824K, capacity 35300K, committed 35376K, reserved 1079296K
  class space    used 4364K, capacity 4641K, committed 4656K, reserved 1048576K
}
Event: 3.200 GC heap before
{Heap before GC invocations=7 (full 1):
 PSYoungGen      total 202752K, used 25686K [0x0000000780800000, 0x0000000793300000, 0x00000007c0000000)
  eden space 194560K, 9% used [0x0000000780800000,0x000000078191afe0,0x000000078c600000)
  from space 8192K, 99% used [0x000000078c600000,0x000000078cdfa8e8,0x000000078ce00000)
  to   space 14336K, 0% used [0x0000000792500000,0x0000000792500000,0x0000000793300000)
 ParOldGen       total 70144K, used 15008K [0x0000000701800000, 0x0000000705c80000, 0x0000000780800000)
  object space 70144K, 21% used [0x0000000701800000,0x00000007026a82a0,0x0000000705c80000)
 Metaspace       used 33843K, capacity 35364K, committed 35496K, reserved 1081344K
  class space    used 4364K, capacity 4641K, committed 4656K, reserved 1048576K
Event: 3.208 GC heap after
Heap after GC invocations=7 (full 1):
 PSYoungGen      total 292352K, used 7988K [0x0000000780800000, 0x0000000796f00000, 0x00000007c0000000)
  eden space 278016K, 0% used [0x0000000780800000,0x0000000780800000,0x0000000791780000)
  from space 14336K, 55% used [0x0000000792500000,0x0000000792ccd030,0x0000000793300000)
  to   space 13824K, 0% used [0x0000000791780000,0x0000000791780000,0x0000000792500000)
 ParOldGen       total 70144K, used 15008K [0x0000000701800000, 0x0000000705c80000, 0x0000000780800000)
  object space 70144K, 21% used [0x0000000701800000,0x00000007026a82a0,0x0000000705c80000)
 Metaspace       used 33843K, capacity 35364K, committed 35496K, reserved 1081344K
  class space    used 4364K, capacity 4641K, committed 4656K, reserved 1048576K
}
Event: 3.208 GC heap before
{Heap before GC invocations=8 (full 2):
 PSYoungGen      total 292352K, used 7988K [0x0000000780800000, 0x0000000796f00000, 0x00000007c0000000)
  eden space 278016K, 0% used [0x0000000780800000,0x0000000780800000,0x0000000791780000)
  from space 14336K, 55% used [0x0000000792500000,0x0000000792ccd030,0x0000000793300000)
  to   space 13824K, 0% used [0x0000000791780000,0x0000000791780000,0x0000000792500000)
 ParOldGen       total 70144K, used 15008K [0x0000000701800000, 0x0000000705c80000, 0x0000000780800000)
  object space 70144K, 21% used [0x0000000701800000,0x00000007026a82a0,0x0000000705c80000)
 Metaspace       used 33843K, capacity 35364K, committed 35496K, reserved 1081344K
  class space    used 4364K, capacity 4641K, committed 4656K, reserved 1048576K
Event: 3.251 GC heap after
Heap after GC invocations=8 (full 2):
 PSYoungGen      total 292352K, used 0K [0x0000000780800000, 0x0000000796f00000, 0x00000007c0000000)
  eden space 278016K, 0% used [0x0000000780800000,0x0000000780800000,0x0000000791780000)
  from space 14336K, 0% used [0x0000000792500000,0x0000000792500000,0x0000000793300000)
  to   space 13824K, 0% used [0x0000000791780000,0x0000000791780000,0x0000000792500000)
 ParOldGen       total 93696K, used 13395K [0x0000000701800000, 0x0000000707380000, 0x0000000780800000)
  object space 93696K, 14% used [0x0000000701800000,0x0000000702514f88,0x0000000707380000)
 Metaspace       used 33843K, capacity 35364K, committed 35496K, reserved 1081344K
  class space    used 4364K, capacity 4641K, committed 4656K, reserved 1048576K
}

